<?xml version="1.0" encoding="UTF-8"?>
<!-- Generated by org.testng.reporters.JUnitXMLReporter -->
<testsuite ignored="0" hostname="DESKTOP-KIQJJPS" failures="0" tests="7" name="my test" time="11.19" errors="0" timestamp="2024-09-09T16:36:27 EDT">
  <testcase classname="Testng.fIRSTTESTCASE" name="logout" time="0.009"/>
  <testcase classname="Testng.fIRSTTESTCASE" name="openapp" time="0.001"/>
  <testcase classname="Testng.fIRSTTESTCASE" name="login" time="0.001"/>
  <testcase classname="Testng.OrangeHRMtest" name="openapp" time="3.259"/>
  <testcase classname="Testng.OrangeHRMtest" name="testlogo" time="3.033"/>
  <testcase classname="Testng.OrangeHRMtest" name="login" time="4.655"/>
  <testcase classname="Testng.OrangeHRMtest" name="logout" time="0.196"/>
</testsuite> <!-- my test -->
