<?xml version="1.0" encoding="UTF-8"?>
<testng-results ignored="0" total="1" passed="1" failed="0" skipped="0">
  <reporter-output>
  </reporter-output>
  <suite started-at="2024-09-16T16:27:21 EDT" name="Default suite" finished-at="2024-09-16T16:27:25 EDT" duration-ms="4225">
    <groups>
    </groups>
    <test started-at="2024-09-16T16:27:21 EDT" name="Default test" finished-at="2024-09-16T16:27:25 EDT" duration-ms="4225">
      <class name="Testng.Dataprovidedemo">
        <test-method is-config="true" signature="setup()[pri:0, instance:Testng.Dataprovidedemo@79e2c065]" started-at="2024-09-16T16:27:21 EDT" name="setup" finished-at="2024-09-16T16:27:24 EDT" duration-ms="3141" status="PASS">
          <reporter-output>
          </reporter-output>
        </test-method> <!-- setup -->
        <test-method signature="testlogin()[pri:0, instance:Testng.Dataprovidedemo@79e2c065]" started-at="2024-09-16T16:27:24 EDT" name="testlogin" finished-at="2024-09-16T16:27:25 EDT" duration-ms="924" status="PASS">
          <reporter-output>
          </reporter-output>
        </test-method> <!-- testlogin -->
        <test-method is-config="true" signature="teardown()[pri:0, instance:Testng.Dataprovidedemo@79e2c065]" started-at="2024-09-16T16:27:25 EDT" name="teardown" finished-at="2024-09-16T16:27:25 EDT" duration-ms="137" status="PASS">
          <reporter-output>
          </reporter-output>
        </test-method> <!-- teardown -->
      </class> <!-- Testng.Dataprovidedemo -->
    </test> <!-- Default test -->
  </suite> <!-- Default suite -->
</testng-results>
