<?xml version="1.0" encoding="UTF-8"?>
<!-- Generated by org.testng.reporters.JUnitXMLReporter -->
<testsuite ignored="9" hostname="DESKTOP-KIQJJPS" failures="0" tests="0" time="0.006" errors="0" timestamp="2024-09-16T11:00:58 EDT">
  <testcase classname="Testng.Signuptests" name="signupbyemail" time="0.0">
    <ignored/>
  </testcase> <!-- signupbyemail -->
  <testcase classname="Testng.Signuptests" name="signupbytwitter" time="0.0">
    <ignored/>
  </testcase> <!-- signupbytwitter -->
  <testcase classname="Testng.Paymenttests" name="paymentinrs" time="0.0">
    <ignored/>
  </testcase> <!-- paymentinrs -->
  <testcase classname="Testng.Paymenttests" name="paymentindollar" time="0.0">
    <ignored/>
  </testcase> <!-- paymentindollar -->
  <testcase classname="Testng.Logintests" name="loginByTwitter" time="0.0">
    <ignored/>
  </testcase> <!-- loginByTwitter -->
  <testcase classname="Testng.Logintests" name="loginByFacebook" time="0.0">
    <ignored/>
  </testcase> <!-- loginByFacebook -->
  <testcase classname="Testng.Logintests" name="loginByEmail" time="0.0">
    <ignored/>
  </testcase> <!-- loginByEmail -->
  <testcase classname="Testng.Signuptests" name="signupbyfacebook" time="0.0">
    <ignored/>
  </testcase> <!-- signupbyfacebook -->
  <testcase classname="Testng.Logintests" name="loginByGmail" time="0.0">
    <ignored/>
  </testcase> <!-- loginByGmail -->
</testsuite>
